Flow report for SignalConverterV11
Thu Apr 11 15:36:38 2024
Quartus II 64-Bit Version 13.1.0 Build 162 10/23/2013 SJ Web Edition


---------------------
; Table of Contents ;
---------------------
  1. Legal Notice
  2. Flow Summary
  3. Flow Settings
  4. Flow Non-Default Global Settings
  5. Flow Elapsed Time
  6. Flow OS Summary
  7. Flow Log
  8. Flow Messages
  9. Flow Suppressed Messages



----------------
; Legal Notice ;
----------------
Copyright (C) 1991-2013 Altera Corporation
Your use of Altera Corporation's design tools, logic functions 
and other software and tools, and its AMPP partner logic 
functions, and any output files from any of the foregoing 
(including device programming or simulation files), and any 
associated documentation or information are expressly subject 
to the terms and conditions of the Altera Program License 
Subscription Agreement, Altera MegaCore Function License 
Agreement, or other applicable license agreement, including, 
without limitation, that your use is for the sole purpose of 
programming logic devices manufactured by Altera and sold by 
Altera or its authorized distributors.  Please refer to the 
applicable agreement for further details.



+---------------------------------------------------------------------------------+
; Flow Summary                                                                    ;
+------------------------------------+--------------------------------------------+
; Flow Status                        ; Successful - Thu Apr 11 15:36:38 2024      ;
; Quartus II 64-Bit Version          ; 13.1.0 Build 162 10/23/2013 SJ Web Edition ;
; Revision Name                      ; SignalConverterV11                         ;
; Top-level Entity Name              ; SignalConverterV11                         ;
; Family                             ; Cyclone IV E                               ;
; Device                             ; EP4CE15E22C8                               ;
; Timing Models                      ; Final                                      ;
; Total logic elements               ; 6,374 / 15,408 ( 41 % )                    ;
;     Total combinational functions  ; 6,236 / 15,408 ( 40 % )                    ;
;     Dedicated logic registers      ; 1,203 / 15,408 ( 8 % )                     ;
; Total registers                    ; 1203                                       ;
; Total pins                         ; 16 / 82 ( 20 % )                           ;
; Total virtual pins                 ; 0                                          ;
; Total memory bits                  ; 0 / 516,096 ( 0 % )                        ;
; Embedded Multiplier 9-bit elements ; 4 / 112 ( 4 % )                            ;
; Total PLLs                         ; 0 / 4 ( 0 % )                              ;
+------------------------------------+--------------------------------------------+


+-----------------------------------------+
; Flow Settings                           ;
+-------------------+---------------------+
; Option            ; Setting             ;
+-------------------+---------------------+
; Start date & time ; 04/11/2024 15:34:58 ;
; Main task         ; Compilation         ;
; Revision Name     ; SignalConverterV11  ;
+-------------------+---------------------+


+----------------------------------------------------------------------------------------------------------------------+
; Flow Non-Default Global Settings                                                                                     ;
+-------------------------------------+---------------------------------+---------------+-------------+----------------+
; Assignment Name                     ; Value                           ; Default Value ; Entity Name ; Section Id     ;
+-------------------------------------+---------------------------------+---------------+-------------+----------------+
; COMPILER_SIGNATURE_ID               ; 251053332643916.171282449713212 ; --            ; --          ; --             ;
; EDA_OUTPUT_DATA_FORMAT              ; Vhdl                            ; --            ; --          ; eda_simulation ;
; EDA_SIMULATION_TOOL                 ; ModelSim-Altera (VHDL)          ; <None>        ; --          ; --             ;
; MAX_CORE_JUNCTION_TEMP              ; 85                              ; --            ; --          ; --             ;
; MIN_CORE_JUNCTION_TEMP              ; 0                               ; --            ; --          ; --             ;
; PARTITION_COLOR                     ; 16764057                        ; --            ; --          ; Top            ;
; PARTITION_FITTER_PRESERVATION_LEVEL ; PLACEMENT_AND_ROUTING           ; --            ; --          ; Top            ;
; PARTITION_NETLIST_TYPE              ; SOURCE                          ; --            ; --          ; Top            ;
; PROJECT_OUTPUT_DIRECTORY            ; output_files                    ; --            ; --          ; --             ;
+-------------------------------------+---------------------------------+---------------+-------------+----------------+


+-------------------------------------------------------------------------------------------------------------------------------+
; Flow Elapsed Time                                                                                                             ;
+---------------------------+--------------+-------------------------+---------------------+------------------------------------+
; Module Name               ; Elapsed Time ; Average Processors Used ; Peak Virtual Memory ; Total CPU Time (on all processors) ;
+---------------------------+--------------+-------------------------+---------------------+------------------------------------+
; Analysis & Synthesis      ; 00:00:23     ; 1.0                     ; 4738 MB             ; 00:00:13                           ;
; Fitter                    ; 00:00:29     ; 2.0                     ; 5610 MB             ; 00:00:34                           ;
; Assembler                 ; 00:00:03     ; 1.0                     ; 4610 MB             ; 00:00:01                           ;
; TimeQuest Timing Analyzer ; 00:00:10     ; 1.7                     ; 4764 MB             ; 00:00:05                           ;
; EDA Netlist Writer        ; 00:00:18     ; 1.0                     ; 4614 MB             ; 00:00:03                           ;
; Total                     ; 00:01:23     ; --                      ; --                  ; 00:00:56                           ;
+---------------------------+--------------+-------------------------+---------------------+------------------------------------+


+----------------------------------------------------------------------------------------+
; Flow OS Summary                                                                        ;
+---------------------------+------------------+-----------+------------+----------------+
; Module Name               ; Machine Hostname ; OS Name   ; OS Version ; Processor type ;
+---------------------------+------------------+-----------+------------+----------------+
; Analysis & Synthesis      ; DESKTOP-0PN52V0  ; Windows 7 ; 6.2        ; x86_64         ;
; Fitter                    ; DESKTOP-0PN52V0  ; Windows 7 ; 6.2        ; x86_64         ;
; Assembler                 ; DESKTOP-0PN52V0  ; Windows 7 ; 6.2        ; x86_64         ;
; TimeQuest Timing Analyzer ; DESKTOP-0PN52V0  ; Windows 7 ; 6.2        ; x86_64         ;
; EDA Netlist Writer        ; DESKTOP-0PN52V0  ; Windows 7 ; 6.2        ; x86_64         ;
+---------------------------+------------------+-----------+------------+----------------+


------------
; Flow Log ;
------------
quartus_map --read_settings_files=on --write_settings_files=off SignalConverterV11 -c SignalConverterV11
quartus_fit --read_settings_files=off --write_settings_files=off SignalConverterV11 -c SignalConverterV11
quartus_asm --read_settings_files=off --write_settings_files=off SignalConverterV11 -c SignalConverterV11
quartus_sta SignalConverterV11 -c SignalConverterV11
quartus_eda --read_settings_files=off --write_settings_files=off SignalConverterV11 -c SignalConverterV11



